2025-04-03 02:35:46,760 - __main__ - INFO - Starting minimal model training
2025-04-03 02:35:46,763 - __main__ - INFO - Loaded 84 records from industry_data_from_db/semiconductors_training.csv
2025-04-03 02:35:47,674 - __main__ - ERROR - Error training model for Semiconductors: Invalid filepath extension for saving. Please add either a `.keras` extension for the native Keras format (recommended) or a `.h5` extension. Use `model.export(filepath)` if you want to export a SavedModel for use with TFLite/TFServing/etc. Received: filepath=industry_data_from_db/models/semiconductors_model.
2025-04-03 02:35:47,676 - __main__ - ERROR - Stack trace: Traceback (most recent call last):
  File "/Users/shawnlung/Documents/GitHub/Finance_stuff/minimal_train.py", line 87, in train_simple_model
    model.save(model_path)
  File "/Users/shawnlung/Library/Python/3.10/lib/python/site-packages/keras/src/utils/traceback_utils.py", line 122, in error_handler
    raise e.with_traceback(filtered_tb) from None
  File "/Users/shawnlung/Library/Python/3.10/lib/python/site-packages/keras/src/saving/saving_api.py", line 114, in save_model
    raise ValueError(
ValueError: Invalid filepath extension for saving. Please add either a `.keras` extension for the native Keras format (recommended) or a `.h5` extension. Use `model.export(filepath)` if you want to export a SavedModel for use with TFLite/TFServing/etc. Received: filepath=industry_data_from_db/models/semiconductors_model.

2025-04-03 02:35:47,677 - __main__ - INFO - Loaded 61 records from industry_data_from_db/electronics_training.csv
2025-04-03 02:35:48,355 - __main__ - ERROR - Error training model for Electronics: Invalid filepath extension for saving. Please add either a `.keras` extension for the native Keras format (recommended) or a `.h5` extension. Use `model.export(filepath)` if you want to export a SavedModel for use with TFLite/TFServing/etc. Received: filepath=industry_data_from_db/models/electronics_model.
2025-04-03 02:35:48,356 - __main__ - ERROR - Stack trace: Traceback (most recent call last):
  File "/Users/shawnlung/Documents/GitHub/Finance_stuff/minimal_train.py", line 87, in train_simple_model
    model.save(model_path)
  File "/Users/shawnlung/Library/Python/3.10/lib/python/site-packages/keras/src/utils/traceback_utils.py", line 122, in error_handler
    raise e.with_traceback(filtered_tb) from None
  File "/Users/shawnlung/Library/Python/3.10/lib/python/site-packages/keras/src/saving/saving_api.py", line 114, in save_model
    raise ValueError(
ValueError: Invalid filepath extension for saving. Please add either a `.keras` extension for the native Keras format (recommended) or a `.h5` extension. Use `model.export(filepath)` if you want to export a SavedModel for use with TFLite/TFServing/etc. Received: filepath=industry_data_from_db/models/electronics_model.

2025-04-03 02:35:48,356 - __main__ - ERROR - Minimal training failed
2025-04-03 02:39:23,551 - __main__ - INFO - Starting minimal model training
2025-04-03 02:39:23,555 - __main__ - INFO - Loaded 84 records from industry_data_from_db/semiconductors_training.csv
2025-04-03 02:39:24,460 - __main__ - INFO - Successfully trained and saved model for Semiconductors
2025-04-03 02:39:24,461 - __main__ - INFO - Loaded 61 records from industry_data_from_db/electronics_training.csv
2025-04-03 02:39:25,122 - __main__ - INFO - Successfully trained and saved model for Electronics
2025-04-03 02:39:25,122 - __main__ - INFO - Minimal training completed successfully
2025-04-03 03:07:26,072 - __main__ - INFO - Starting minimal model training
2025-04-03 03:07:26,073 - __main__ - INFO - Found 5 potential industry datasets
2025-04-03 03:07:26,073 - __main__ - INFO - Training model for electronics
2025-04-03 03:07:26,078 - __main__ - INFO - Loaded 3880 records from industry_data_from_db/electronics_training.csv
2025-04-03 03:07:26,078 - __main__ - INFO - Using features: ['revenue', 'operating_margin', 'historical_growth_mean', 'historical_growth', 'debt_to_equity']
2025-04-03 03:07:28,671 - __main__ - INFO - Model saved to industry_data_from_db/models/electronics_model.keras
2025-04-03 03:07:28,672 - __main__ - INFO - Successfully trained and saved model for electronics
2025-04-03 03:07:28,672 - __main__ - INFO - Training model for telecommunications
2025-04-03 03:07:28,673 - __main__ - INFO - Loaded 418 records from industry_data_from_db/telecommunications_training.csv
2025-04-03 03:07:28,673 - __main__ - INFO - Using features: ['revenue', 'operating_margin', 'historical_growth_mean', 'historical_growth', 'debt_to_equity']
2025-04-03 03:07:29,580 - __main__ - INFO - Model saved to industry_data_from_db/models/telecommunications_model.keras
2025-04-03 03:07:29,580 - __main__ - INFO - Successfully trained and saved model for telecommunications
2025-04-03 03:07:29,580 - __main__ - INFO - Training model for computer hardware
2025-04-03 03:07:29,583 - __main__ - INFO - Loaded 1269 records from industry_data_from_db/computer_hardware_training.csv
2025-04-03 03:07:29,583 - __main__ - INFO - Using features: ['revenue', 'operating_margin', 'historical_growth_mean', 'historical_growth', 'debt_to_equity']
2025-04-03 03:07:30,921 - __main__ - INFO - Model saved to industry_data_from_db/models/computer_hardware_model.keras
2025-04-03 03:07:30,922 - __main__ - INFO - Successfully trained and saved model for computer hardware
2025-04-03 03:07:30,922 - __main__ - INFO - Training model for financial services
2025-04-03 03:07:30,923 - __main__ - INFO - Loaded 152 records from industry_data_from_db/financial_services_training.csv
2025-04-03 03:07:30,923 - __main__ - INFO - Using features: ['revenue', 'operating_margin', 'historical_growth_mean', 'historical_growth', 'debt_to_equity']
2025-04-03 03:07:31,709 - __main__ - INFO - Model saved to industry_data_from_db/models/financial_services_model.keras
2025-04-03 03:07:31,709 - __main__ - INFO - Successfully trained and saved model for financial services
2025-04-03 03:07:31,710 - __main__ - INFO - Training model for semiconductors
2025-04-03 03:07:31,711 - __main__ - INFO - Loaded 619 records from industry_data_from_db/semiconductors_training.csv
2025-04-03 03:07:31,711 - __main__ - INFO - Using features: ['revenue', 'operating_margin', 'historical_growth_mean', 'historical_growth', 'debt_to_equity']
2025-04-03 03:07:32,781 - __main__ - INFO - Model saved to industry_data_from_db/models/semiconductors_model.keras
2025-04-03 03:07:32,782 - __main__ - INFO - Successfully trained and saved model for semiconductors
2025-04-03 03:07:32,782 - __main__ - INFO - Training completed: 5/5 models trained successfully
